2017-09-29 14:53:01.026  INFO Starting SimpleApiApplication on alfa_gemini with PID 3952 (C:\newApp\app\simple-serve\target\classes started by juliano.ezequiel in C:\newApp\app\simple-serve)
2017-09-29 14:53:01.084  INFO No active profile set, falling back to default profiles: default
2017-09-29 14:53:02.051  INFO Refreshing org.springframework.boot.context.embedded.AnnotationConfigEmbeddedWebApplicationContext@1dfb5e40: startup date [Fri Sep 29 14:53:02 BRT 2017]; root of context hierarchy
2017-09-29 14:53:06.665  INFO Overriding bean definition for bean 'config' with a different definition: replacing [Generic bean: class [com.api.Config]; scope=singleton; abstract=false; lazyInit=false; autowireMode=0; dependencyCheck=0; autowireCandidate=true; primary=false; factoryBeanName=null; factoryMethodName=null; initMethodName=null; destroyMethodName=null; defined in file [C:\newApp\app\simple-serve\target\classes\com\api\Config.class]] with [Root bean: class [null]; scope=; abstract=false; lazyInit=false; autowireMode=3; dependencyCheck=0; autowireCandidate=true; primary=false; factoryBeanName=org.springframework.data.rest.webmvc.config.RepositoryRestMvcConfiguration; factoryMethodName=config; initMethodName=null; destroyMethodName=(inferred); defined in class path resource [org/springframework/data/rest/webmvc/config/RepositoryRestMvcConfiguration.class]]
2017-09-29 14:53:06.669  INFO Overriding bean definition for bean 'httpRequestHandlerAdapter' with a different definition: replacing [Root bean: class [null]; scope=; abstract=false; lazyInit=false; autowireMode=3; dependencyCheck=0; autowireCandidate=true; primary=false; factoryBeanName=org.springframework.web.servlet.config.annotation.DelegatingWebMvcConfiguration; factoryMethodName=httpRequestHandlerAdapter; initMethodName=null; destroyMethodName=(inferred); defined in class path resource [org/springframework/web/servlet/config/annotation/DelegatingWebMvcConfiguration.class]] with [Root bean: class [null]; scope=; abstract=false; lazyInit=false; autowireMode=3; dependencyCheck=0; autowireCandidate=true; primary=false; factoryBeanName=org.springframework.data.rest.webmvc.config.RepositoryRestMvcConfiguration; factoryMethodName=httpRequestHandlerAdapter; initMethodName=null; destroyMethodName=(inferred); defined in class path resource [org/springframework/data/rest/webmvc/config/RepositoryRestMvcConfiguration.class]]
2017-09-29 14:53:08.312  INFO Bean 'org.springframework.transaction.annotation.ProxyTransactionManagementConfiguration' of type [org.springframework.transaction.annotation.ProxyTransactionManagementConfiguration$$EnhancerBySpringCGLIB$$b4bde4b4] is not eligible for getting processed by all BeanPostProcessors (for example: not eligible for auto-proxying)
2017-09-29 14:53:09.285  INFO Tomcat initialized with port(s): 80 (http)
2017-09-29 14:53:09.310  INFO Starting service [Tomcat]
2017-09-29 14:53:09.313  INFO Starting Servlet Engine: Apache Tomcat/8.5.15
2017-09-29 14:53:09.779  INFO Initializing Spring embedded WebApplicationContext
2017-09-29 14:53:09.779  INFO Root WebApplicationContext: initialization completed in 7733 ms
2017-09-29 14:53:11.257  WARN Not loading a JDBC driver as driverClassName property is null.
2017-09-29 14:53:12.224  WARN Not loading a JDBC driver as driverClassName property is null.
2017-09-29 14:53:12.242  WARN Not loading a JDBC driver as driverClassName property is null.
2017-09-29 14:53:12.260  WARN Not loading a JDBC driver as driverClassName property is null.
2017-09-29 14:53:12.267  WARN Not loading a JDBC driver as driverClassName property is null.
2017-09-29 14:53:12.278  WARN Not loading a JDBC driver as driverClassName property is null.
2017-09-29 14:53:12.295  WARN Not loading a JDBC driver as driverClassName property is null.
2017-09-29 14:53:12.304  WARN Not loading a JDBC driver as driverClassName property is null.
2017-09-29 14:53:12.320  WARN Not loading a JDBC driver as driverClassName property is null.
2017-09-29 14:53:12.349  WARN Not loading a JDBC driver as driverClassName property is null.
2017-09-29 14:53:12.689  INFO Building JPA container EntityManagerFactory for persistence unit 'default'
2017-09-29 14:53:16.079 ERROR HHH000389: Unsuccessful: alter table empresa drop foreign key FKddqssop9sbkm3y1yi3by5t8fv
2017-09-29 14:53:16.081 ERROR Table 'simple.empresa' doesn't exist
2017-09-29 14:53:16.083 ERROR HHH000389: Unsuccessful: alter table permissao drop foreign key FKsjai9px19fjevqkbjr0m546b1
2017-09-29 14:53:16.084 ERROR Table 'simple.permissao' doesn't exist
2017-09-29 14:53:16.111 ERROR HHH000389: Unsuccessful: alter table permissao_usuario drop foreign key FK9s3k7wim61hbdp1kyhjnfvgo4
2017-09-29 14:53:16.111 ERROR Table 'simple.permissao_usuario' doesn't exist
2017-09-29 14:53:16.112 ERROR HHH000389: Unsuccessful: alter table permissao_usuario drop foreign key FK579ujbuuw25dunf78ghwexhd9
2017-09-29 14:53:16.113 ERROR Table 'simple.permissao_usuario' doesn't exist
2017-09-29 14:53:16.132 ERROR HHH000389: Unsuccessful: alter table usuario drop foreign key FK87ckfs30l64gnivnfk7ywp8l6
2017-09-29 14:53:16.132 ERROR Table 'simple.usuario' doesn't exist
2017-09-29 14:53:22.944  INFO Initialized JPA EntityManagerFactory for persistence unit 'default'
2017-09-29 14:53:25.179  INFO Mapping filter: 'characterEncodingFilter' to: [/*]
2017-09-29 14:53:25.181  INFO Mapping filter: 'debugFilter' to urls: [/*]
2017-09-29 14:53:25.182  INFO Mapping filter: 'tokenFilter' to urls: [/restrict/*]
2017-09-29 14:53:25.182  INFO Mapping filter: 'resourceUrlEncodingFilter' to: [/*]
2017-09-29 14:53:25.183  INFO Mapping servlet: 'dispatcherServlet' to [/]
2017-09-29 14:53:26.728  INFO Mapped "{[/auth],methods=[POST],consumes=[application/json;charset=UTF-8],produces=[application/json;charset=UTF-8]}" onto public org.springframework.http.ResponseEntity<com.api.dto.TokenDTO> com.api.rest.auth.AuthRestController.autenticar(com.api.dto.UsuarioLoginDTO) throws com.api.service.ServiceException
2017-09-29 14:53:26.730  INFO Mapped "{[/restrict/usuario],methods=[GET],produces=[application/json;charset=UTF-8]}" onto public org.springframework.http.ResponseEntity<com.api.dto.UsuarioDTO> com.api.rest.auth.AuthRestController.autenticar(javax.servlet.http.HttpServletRequest) throws com.api.service.ServiceException
2017-09-29 14:53:26.731  INFO Mapped "{[/teste/modulo],methods=[GET],produces=[application/json;charset=UTF-8]}" onto public org.springframework.http.ResponseEntity<java.util.List<com.api.entity.Modulo>> com.api.rest.auth.ModuloRestController.buscarTodosModulos() throws com.api.service.ServiceException
2017-09-29 14:53:26.732  INFO Mapped "{[/teste/moduloDTO],methods=[GET],produces=[application/json;charset=UTF-8]}" onto public org.springframework.http.ResponseEntity<java.util.List<com.api.dto.ModuloDTO>> com.api.rest.auth.ModuloRestController.buscarModulosDTO(javax.servlet.http.HttpServletRequest) throws com.api.service.ServiceException
2017-09-29 14:53:26.734  INFO Mapped "{[/teste/permissoes],methods=[GET],produces=[application/json;charset=UTF-8]}" onto public org.springframework.http.ResponseEntity<java.util.List<com.api.entity.Permissao>> com.api.rest.auth.PermissoesRestController.buscarTodosModulos() throws com.api.service.ServiceException
2017-09-29 14:53:26.735  INFO Mapped "{[/teste/permissoesDTO],methods=[GET],produces=[application/json;charset=UTF-8]}" onto public org.springframework.http.ResponseEntity<java.util.List<com.api.dto.PermissaoDTO>> com.api.rest.auth.PermissoesRestController.buscarModulosDTO(javax.servlet.http.HttpServletRequest) throws com.api.service.ServiceException
2017-09-29 14:53:26.736  INFO Mapped "{[/teste/empresaDTO],methods=[GET],produces=[application/json;charset=UTF-8]}" onto public org.springframework.http.ResponseEntity<java.util.List<com.api.dto.EmpresaDTO>> com.api.rest.cadastros.EmpresaRestController.listarDTO() throws com.api.service.ServiceException
2017-09-29 14:53:26.737  INFO Mapped "{[/teste/empresa],methods=[GET],produces=[application/json;charset=UTF-8]}" onto public org.springframework.http.ResponseEntity<java.util.List<com.api.entity.Empresa>> com.api.rest.cadastros.EmpresaRestController.listar() throws com.api.service.ServiceException
2017-09-29 14:53:26.740  INFO Mapped "{[/teste/usuario/{id}],methods=[GET],consumes=[application/json;charset=UTF-8],produces=[application/json;charset=UTF-8]}" onto public org.springframework.http.ResponseEntity<com.api.dto.UsuarioDTO> com.api.rest.cadastros.UsuarioRestController.buscarPorId(java.lang.Integer,javax.servlet.http.HttpServletRequest) throws com.api.service.ServiceException
2017-09-29 14:53:26.742  INFO Mapped "{[/teste/usuario],methods=[POST],consumes=[application/json;charset=UTF-8],produces=[application/json;charset=UTF-8]}" onto public org.springframework.http.ResponseEntity<com.api.dto.RespostaDTO> com.api.rest.cadastros.UsuarioRestController.salvar(com.api.dto.UsuarioDTO) throws com.api.service.ServiceException
2017-09-29 14:53:26.745  INFO Mapped "{[/restrict/usuario],methods=[POST],consumes=[application/json;charset=UTF-8],produces=[application/json;charset=UTF-8]}" onto public org.springframework.http.ResponseEntity<com.api.dto.RespostaDTO> com.api.rest.cadastros.UsuarioRestController.salvar(com.api.dto.UsuarioDTO,javax.servlet.http.HttpServletRequest) throws com.api.service.ServiceException
2017-09-29 14:53:26.747  INFO Mapped "{[/teste/usuario],methods=[GET],produces=[application/json;charset=UTF-8]}" onto public org.springframework.http.ResponseEntity<java.util.List<com.api.dto.UsuarioDTO>> com.api.rest.cadastros.UsuarioRestController.listar() throws com.api.service.ServiceException
2017-09-29 14:53:26.758  INFO Mapped "{[/restrict/usuarios/paginacao],methods=[POST],consumes=[application/json;charset=UTF-8],produces=[application/json;charset=UTF-8]}" onto public org.springframework.http.ResponseEntity<com.api.dto.datatable.PaginacaoDataTableRetornoTransfer> com.api.rest.cadastros.UsuarioRestController.listar(com.api.dto.datatable.PaginacaoDataTableTransfer,javax.servlet.http.HttpServletRequest) throws com.api.service.ServiceException
2017-09-29 14:53:26.764  INFO Mapped "{[/restrict/usuario],methods=[PUT],consumes=[application/json;charset=UTF-8],produces=[application/json;charset=UTF-8]}" onto public org.springframework.http.ResponseEntity<com.api.dto.RespostaDTO> com.api.rest.cadastros.UsuarioRestController.atualizar(com.api.dto.UsuarioDTO,javax.servlet.http.HttpServletRequest) throws com.api.service.ServiceException
2017-09-29 14:53:26.766  INFO Mapped "{[/restrict/usuario/{id}],methods=[DELETE],consumes=[application/json;charset=UTF-8],produces=[application/json;charset=UTF-8]}" onto public org.springframework.http.ResponseEntity<com.api.dto.RespostaDTO> com.api.rest.cadastros.UsuarioRestController.excluir(java.lang.Integer,javax.servlet.http.HttpServletRequest) throws com.api.service.ServiceException
2017-09-29 14:53:26.775  INFO Mapped "{[/home]}" onto public java.lang.String com.api.rest.HomeController.irParaHome()
2017-09-29 14:53:26.779  INFO Mapped "{[/error]}" onto public org.springframework.http.ResponseEntity<java.util.Map<java.lang.String, java.lang.Object>> org.springframework.boot.autoconfigure.web.BasicErrorController.error(javax.servlet.http.HttpServletRequest)
2017-09-29 14:53:26.781  INFO Mapped "{[/error],produces=[text/html]}" onto public org.springframework.web.servlet.ModelAndView org.springframework.boot.autoconfigure.web.BasicErrorController.errorHtml(javax.servlet.http.HttpServletRequest,javax.servlet.http.HttpServletResponse)
2017-09-29 14:53:27.195  INFO Looking for @ControllerAdvice: org.springframework.boot.context.embedded.AnnotationConfigEmbeddedWebApplicationContext@1dfb5e40: startup date [Fri Sep 29 14:53:02 BRT 2017]; root of context hierarchy
2017-09-29 14:53:27.313  INFO Detected @ExceptionHandler methods in controllerException
2017-09-29 14:53:27.313  INFO Detected @ExceptionHandler methods in repositoryRestExceptionHandler
2017-09-29 14:53:29.530  INFO Looking for @ControllerAdvice: org.springframework.boot.context.embedded.AnnotationConfigEmbeddedWebApplicationContext@1dfb5e40: startup date [Fri Sep 29 14:53:02 BRT 2017]; root of context hierarchy
2017-09-29 14:53:29.571  INFO Mapped "{[/ || ],methods=[GET],produces=[application/hal+json || application/json]}" onto public org.springframework.http.HttpEntity<org.springframework.data.rest.webmvc.RepositoryLinksResource> org.springframework.data.rest.webmvc.RepositoryController.listRepositories()
2017-09-29 14:53:29.572  INFO Mapped "{[/ || ],methods=[HEAD],produces=[application/hal+json || application/json]}" onto public org.springframework.http.ResponseEntity<?> org.springframework.data.rest.webmvc.RepositoryController.headForRepositories()
2017-09-29 14:53:29.581  INFO Mapped "{[/ || ],methods=[OPTIONS],produces=[application/hal+json || application/json]}" onto public org.springframework.http.HttpEntity<?> org.springframework.data.rest.webmvc.RepositoryController.optionsForRepositories()
2017-09-29 14:53:29.591  INFO Mapped "{[/{repository}/{id}/{property}],methods=[GET],produces=[application/hal+json || application/json]}" onto public org.springframework.http.ResponseEntity<org.springframework.hateoas.ResourceSupport> org.springframework.data.rest.webmvc.RepositoryPropertyReferenceController.followPropertyReference(org.springframework.data.rest.webmvc.RootResourceInformation,java.io.Serializable,java.lang.String,org.springframework.data.rest.webmvc.PersistentEntityResourceAssembler) throws java.lang.Exception
2017-09-29 14:53:29.600  INFO Mapped "{[/{repository}/{id}/{property}/{propertyId}],methods=[GET],produces=[application/hal+json || application/json]}" onto public org.springframework.http.ResponseEntity<org.springframework.hateoas.ResourceSupport> org.springframework.data.rest.webmvc.RepositoryPropertyReferenceController.followPropertyReference(org.springframework.data.rest.webmvc.RootResourceInformation,java.io.Serializable,java.lang.String,java.lang.String,org.springframework.data.rest.webmvc.PersistentEntityResourceAssembler) throws java.lang.Exception
2017-09-29 14:53:29.601  INFO Mapped "{[/{repository}/{id}/{property}],methods=[GET],produces=[application/x-spring-data-compact+json || text/uri-list]}" onto public org.springframework.http.ResponseEntity<org.springframework.hateoas.ResourceSupport> org.springframework.data.rest.webmvc.RepositoryPropertyReferenceController.followPropertyReferenceCompact(org.springframework.data.rest.webmvc.RootResourceInformation,java.io.Serializable,java.lang.String,org.springframework.data.rest.webmvc.PersistentEntityResourceAssembler) throws java.lang.Exception
2017-09-29 14:53:29.602  INFO Mapped "{[/{repository}/{id}/{property}],methods=[PATCH || PUT || POST],consumes=[application/json || application/x-spring-data-compact+json || text/uri-list],produces=[application/hal+json || application/json]}" onto public org.springframework.http.ResponseEntity<? extends org.springframework.hateoas.ResourceSupport> org.springframework.data.rest.webmvc.RepositoryPropertyReferenceController.createPropertyReference(org.springframework.data.rest.webmvc.RootResourceInformation,org.springframework.http.HttpMethod,org.springframework.hateoas.Resources<java.lang.Object>,java.io.Serializable,java.lang.String) throws java.lang.Exception
2017-09-29 14:53:29.603  INFO Mapped "{[/{repository}/{id}/{property}],methods=[DELETE],produces=[application/hal+json || application/json]}" onto public org.springframework.http.ResponseEntity<? extends org.springframework.hateoas.ResourceSupport> org.springframework.data.rest.webmvc.RepositoryPropertyReferenceController.deletePropertyReference(org.springframework.data.rest.webmvc.RootResourceInformation,java.io.Serializable,java.lang.String) throws java.lang.Exception
2017-09-29 14:53:29.604  INFO Mapped "{[/{repository}/{id}/{property}/{propertyId}],methods=[DELETE],produces=[application/hal+json || application/json]}" onto public org.springframework.http.ResponseEntity<org.springframework.hateoas.ResourceSupport> org.springframework.data.rest.webmvc.RepositoryPropertyReferenceController.deletePropertyReferenceId(org.springframework.data.rest.webmvc.RootResourceInformation,java.io.Serializable,java.lang.String,java.lang.String) throws java.lang.Exception
2017-09-29 14:53:29.617  INFO Mapped "{[/{repository}/search/{search}],methods=[GET],produces=[application/hal+json || application/json]}" onto public org.springframework.http.ResponseEntity<?> org.springframework.data.rest.webmvc.RepositorySearchController.executeSearch(org.springframework.data.rest.webmvc.RootResourceInformation,org.springframework.util.MultiValueMap<java.lang.String, java.lang.Object>,java.lang.String,org.springframework.data.rest.webmvc.support.DefaultedPageable,org.springframework.data.domain.Sort,org.springframework.data.rest.webmvc.PersistentEntityResourceAssembler,org.springframework.http.HttpHeaders)
2017-09-29 14:53:29.636  INFO Mapped "{[/{repository}/search/{search}],methods=[HEAD],produces=[application/hal+json || application/json]}" onto public org.springframework.http.ResponseEntity<java.lang.Object> org.springframework.data.rest.webmvc.RepositorySearchController.headForSearch(org.springframework.data.rest.webmvc.RootResourceInformation,java.lang.String)
2017-09-29 14:53:29.639  INFO Mapped "{[/{repository}/search],methods=[GET],produces=[application/hal+json || application/json]}" onto public org.springframework.data.rest.webmvc.RepositorySearchesResource org.springframework.data.rest.webmvc.RepositorySearchController.listSearches(org.springframework.data.rest.webmvc.RootResourceInformation)
2017-09-29 14:53:29.646  INFO Mapped "{[/{repository}/search],methods=[HEAD],produces=[application/hal+json || application/json]}" onto public org.springframework.http.HttpEntity<?> org.springframework.data.rest.webmvc.RepositorySearchController.headForSearches(org.springframework.data.rest.webmvc.RootResourceInformation)
2017-09-29 14:53:29.659  INFO Mapped "{[/{repository}/search/{search}],methods=[OPTIONS],produces=[application/hal+json || application/json]}" onto public org.springframework.http.ResponseEntity<java.lang.Object> org.springframework.data.rest.webmvc.RepositorySearchController.optionsForSearch(org.springframework.data.rest.webmvc.RootResourceInformation,java.lang.String)
2017-09-29 14:53:29.663  INFO Mapped "{[/{repository}/search/{search}],methods=[GET],produces=[application/x-spring-data-compact+json]}" onto public org.springframework.hateoas.ResourceSupport org.springframework.data.rest.webmvc.RepositorySearchController.executeSearchCompact(org.springframework.data.rest.webmvc.RootResourceInformation,org.springframework.http.HttpHeaders,org.springframework.util.MultiValueMap<java.lang.String, java.lang.Object>,java.lang.String,java.lang.String,org.springframework.data.rest.webmvc.support.DefaultedPageable,org.springframework.data.domain.Sort,org.springframework.data.rest.webmvc.PersistentEntityResourceAssembler)
2017-09-29 14:53:29.665  INFO Mapped "{[/{repository}/search],methods=[OPTIONS],produces=[application/hal+json || application/json]}" onto public org.springframework.http.HttpEntity<?> org.springframework.data.rest.webmvc.RepositorySearchController.optionsForSearches(org.springframework.data.rest.webmvc.RootResourceInformation)
2017-09-29 14:53:29.668  INFO Mapped "{[/{repository}/{id}],methods=[PUT],produces=[application/hal+json || application/json]}" onto public org.springframework.http.ResponseEntity<? extends org.springframework.hateoas.ResourceSupport> org.springframework.data.rest.webmvc.RepositoryEntityController.putItemResource(org.springframework.data.rest.webmvc.RootResourceInformation,org.springframework.data.rest.webmvc.PersistentEntityResource,java.io.Serializable,org.springframework.data.rest.webmvc.PersistentEntityResourceAssembler,org.springframework.data.rest.webmvc.support.ETag,java.lang.String) throws org.springframework.web.HttpRequestMethodNotSupportedException
2017-09-29 14:53:29.670  INFO Mapped "{[/{repository}/{id}],methods=[GET],produces=[application/hal+json || application/json]}" onto public org.springframework.http.ResponseEntity<org.springframework.hateoas.Resource<?>> org.springframework.data.rest.webmvc.RepositoryEntityController.getItemResource(org.springframework.data.rest.webmvc.RootResourceInformation,java.io.Serializable,org.springframework.data.rest.webmvc.PersistentEntityResourceAssembler,org.springframework.http.HttpHeaders) throws org.springframework.web.HttpRequestMethodNotSupportedException
2017-09-29 14:53:29.671  INFO Mapped "{[/{repository}],methods=[HEAD],produces=[application/hal+json || application/json]}" onto public org.springframework.http.ResponseEntity<?> org.springframework.data.rest.webmvc.RepositoryEntityController.headCollectionResource(org.springframework.data.rest.webmvc.RootResourceInformation,org.springframework.data.rest.webmvc.support.DefaultedPageable) throws org.springframework.web.HttpRequestMethodNotSupportedException
2017-09-29 14:53:29.672  INFO Mapped "{[/{repository}],methods=[GET],produces=[application/x-spring-data-compact+json || text/uri-list]}" onto public org.springframework.hateoas.Resources<?> org.springframework.data.rest.webmvc.RepositoryEntityController.getCollectionResourceCompact(org.springframework.data.rest.webmvc.RootResourceInformation,org.springframework.data.rest.webmvc.support.DefaultedPageable,org.springframework.data.domain.Sort,org.springframework.data.rest.webmvc.PersistentEntityResourceAssembler) throws org.springframework.data.rest.webmvc.ResourceNotFoundException,org.springframework.web.HttpRequestMethodNotSupportedException
2017-09-29 14:53:29.674  INFO Mapped "{[/{repository}/{id}],methods=[HEAD],produces=[application/hal+json || application/json]}" onto public org.springframework.http.ResponseEntity<?> org.springframework.data.rest.webmvc.RepositoryEntityController.headForItemResource(org.springframework.data.rest.webmvc.RootResourceInformation,java.io.Serializable,org.springframework.data.rest.webmvc.PersistentEntityResourceAssembler) throws org.springframework.web.HttpRequestMethodNotSupportedException
2017-09-29 14:53:29.675  INFO Mapped "{[/{repository}/{id}],methods=[DELETE],produces=[application/hal+json || application/json]}" onto public org.springframework.http.ResponseEntity<?> org.springframework.data.rest.webmvc.RepositoryEntityController.deleteItemResource(org.springframework.data.rest.webmvc.RootResourceInformation,java.io.Serializable,org.springframework.data.rest.webmvc.support.ETag) throws org.springframework.data.rest.webmvc.ResourceNotFoundException,org.springframework.web.HttpRequestMethodNotSupportedException
2017-09-29 14:53:29.676  INFO Mapped "{[/{repository}],methods=[GET],produces=[application/hal+json || application/json]}" onto public org.springframework.hateoas.Resources<?> org.springframework.data.rest.webmvc.RepositoryEntityController.getCollectionResource(org.springframework.data.rest.webmvc.RootResourceInformation,org.springframework.data.rest.webmvc.support.DefaultedPageable,org.springframework.data.domain.Sort,org.springframework.data.rest.webmvc.PersistentEntityResourceAssembler) throws org.springframework.data.rest.webmvc.ResourceNotFoundException,org.springframework.web.HttpRequestMethodNotSupportedException
2017-09-29 14:53:29.676  INFO Mapped "{[/{repository}],methods=[OPTIONS],produces=[application/hal+json || application/json]}" onto public org.springframework.http.ResponseEntity<?> org.springframework.data.rest.webmvc.RepositoryEntityController.optionsForCollectionResource(org.springframework.data.rest.webmvc.RootResourceInformation)
2017-09-29 14:53:29.677  INFO Mapped "{[/{repository}/{id}],methods=[OPTIONS],produces=[application/hal+json || application/json]}" onto public org.springframework.http.ResponseEntity<?> org.springframework.data.rest.webmvc.RepositoryEntityController.optionsForItemResource(org.springframework.data.rest.webmvc.RootResourceInformation)
2017-09-29 14:53:29.678  INFO Mapped "{[/{repository}/{id}],methods=[PATCH],produces=[application/hal+json || application/json]}" onto public org.springframework.http.ResponseEntity<org.springframework.hateoas.ResourceSupport> org.springframework.data.rest.webmvc.RepositoryEntityController.patchItemResource(org.springframework.data.rest.webmvc.RootResourceInformation,org.springframework.data.rest.webmvc.PersistentEntityResource,java.io.Serializable,org.springframework.data.rest.webmvc.PersistentEntityResourceAssembler,org.springframework.data.rest.webmvc.support.ETag,java.lang.String) throws org.springframework.web.HttpRequestMethodNotSupportedException,org.springframework.data.rest.webmvc.ResourceNotFoundException
2017-09-29 14:53:29.680  INFO Mapped "{[/{repository}],methods=[POST],produces=[application/hal+json || application/json]}" onto public org.springframework.http.ResponseEntity<org.springframework.hateoas.ResourceSupport> org.springframework.data.rest.webmvc.RepositoryEntityController.postCollectionResource(org.springframework.data.rest.webmvc.RootResourceInformation,org.springframework.data.rest.webmvc.PersistentEntityResource,org.springframework.data.rest.webmvc.PersistentEntityResourceAssembler,java.lang.String) throws org.springframework.web.HttpRequestMethodNotSupportedException
2017-09-29 14:53:29.685  INFO Mapped "{[/profile],methods=[OPTIONS]}" onto public org.springframework.http.HttpEntity<?> org.springframework.data.rest.webmvc.ProfileController.profileOptions()
2017-09-29 14:53:29.686  INFO Mapped "{[/profile],methods=[GET]}" onto org.springframework.http.HttpEntity<org.springframework.hateoas.ResourceSupport> org.springframework.data.rest.webmvc.ProfileController.listAllFormsOfMetadata()
2017-09-29 14:53:29.686  INFO Mapped "{[/profile/{repository}],methods=[GET],produces=[application/alps+json || */*]}" onto org.springframework.http.HttpEntity<org.springframework.data.rest.webmvc.RootResourceInformation> org.springframework.data.rest.webmvc.alps.AlpsController.descriptor(org.springframework.data.rest.webmvc.RootResourceInformation)
2017-09-29 14:53:29.687  INFO Mapped "{[/profile/{repository}],methods=[OPTIONS],produces=[application/alps+json]}" onto org.springframework.http.HttpEntity<?> org.springframework.data.rest.webmvc.alps.AlpsController.alpsOptions()
2017-09-29 14:53:29.687  INFO Mapped "{[/profile/{repository}],methods=[GET],produces=[application/schema+json]}" onto public org.springframework.http.HttpEntity<org.springframework.data.rest.webmvc.json.JsonSchema> org.springframework.data.rest.webmvc.RepositorySchemaController.schema(org.springframework.data.rest.webmvc.RootResourceInformation)
2017-09-29 14:53:31.613  WARN Cannot find template location: classpath:/templates/ (please add some templates or check your Thymeleaf configuration)
2017-09-29 14:53:32.378  INFO LiveReload server is running on port 35729
2017-09-29 14:53:32.847  INFO Registering beans for JMX exposure on startup
2017-09-29 14:53:33.148  INFO Tomcat started on port(s): 80 (http)
2017-09-29 14:53:33.190  INFO Started SimpleApiApplication in 33.008 seconds (JVM running for 34.997)
2017-09-29 14:55:09.460  INFO Initializing Spring FrameworkServlet 'dispatcherServlet'
2017-09-29 14:55:09.460  INFO FrameworkServlet 'dispatcherServlet': initialization started
2017-09-29 14:55:09.505  INFO FrameworkServlet 'dispatcherServlet': initialization completed in 44 ms
2017-09-29 14:55:09.534  INFO ------------------------
2017-09-29 14:55:09.547  INFO Origem requisição IP : 0:0:0:0:0:0:0:1
2017-09-29 14:55:09.547  INFO Método  : POST
2017-09-29 14:55:09.548  INFO URL  : http://localhost/auth
2017-09-29 14:55:09.730  INFO Login usuário : admin@admin.com
2017-09-29 14:55:10.102  INFO Token criado : eyJhbGciOiJIUzI1NiJ9.eyJzdWIiOiJhZG1pbkBhZG1pbi5jb20iLCJleHAiOjE1MDY3MDkxNDl9.nBeNtQGOpktIBjYD7lgsfG1Sy6HN4Rdrpe2yIKI6Ajg
2017-09-29 14:55:23.589  INFO ------------------------
2017-09-29 14:55:23.590  INFO Origem requisição IP : 0:0:0:0:0:0:0:1
2017-09-29 14:55:23.590  INFO Método  : GET
2017-09-29 14:55:23.590  INFO URL  : http://localhost/restrict/usuario
2017-09-29 14:55:48.687  INFO ------------------------
2017-09-29 14:55:48.688  INFO Origem requisição IP : 0:0:0:0:0:0:0:1
2017-09-29 14:55:48.688  INFO Método  : GET
2017-09-29 14:55:48.688  INFO URL  : http://localhost/teste/modulo
2017-09-29 14:55:52.430  INFO ------------------------
2017-09-29 14:55:52.431  INFO Origem requisição IP : 0:0:0:0:0:0:0:1
2017-09-29 14:55:52.431  INFO Método  : GET
2017-09-29 14:55:52.431  INFO URL  : http://localhost/teste/moduloDTO
2017-09-29 14:55:57.747  INFO ------------------------
2017-09-29 14:55:57.748  INFO Origem requisição IP : 0:0:0:0:0:0:0:1
2017-09-29 14:55:57.748  INFO Método  : GET
2017-09-29 14:55:57.748  INFO URL  : http://localhost/teste/permissoesDTO
2017-09-29 14:57:30.618  INFO Closing org.springframework.boot.context.embedded.AnnotationConfigEmbeddedWebApplicationContext@1dfb5e40: startup date [Fri Sep 29 14:53:02 BRT 2017]; root of context hierarchy
2017-09-29 14:57:30.621  INFO Unregistering JMX-exposed beans on shutdown
2017-09-29 14:57:30.629  INFO Closing JPA EntityManagerFactory for persistence unit 'default'
2017-09-29 14:57:32.632  INFO Starting SimpleApiApplication on alfa_gemini with PID 3952 (C:\newApp\app\simple-serve\target\classes started by juliano.ezequiel in C:\newApp\app\simple-serve)
2017-09-29 14:57:32.632  INFO No active profile set, falling back to default profiles: default
2017-09-29 14:57:32.636  INFO Refreshing org.springframework.boot.context.embedded.AnnotationConfigEmbeddedWebApplicationContext@30d5cc0: startup date [Fri Sep 29 14:57:32 BRT 2017]; root of context hierarchy
2017-09-29 14:57:33.733  INFO Overriding bean definition for bean 'config' with a different definition: replacing [Generic bean: class [com.api.Config]; scope=singleton; abstract=false; lazyInit=false; autowireMode=0; dependencyCheck=0; autowireCandidate=true; primary=false; factoryBeanName=null; factoryMethodName=null; initMethodName=null; destroyMethodName=null; defined in file [C:\newApp\app\simple-serve\target\classes\com\api\Config.class]] with [Root bean: class [null]; scope=; abstract=false; lazyInit=false; autowireMode=3; dependencyCheck=0; autowireCandidate=true; primary=false; factoryBeanName=org.springframework.data.rest.webmvc.config.RepositoryRestMvcConfiguration; factoryMethodName=config; initMethodName=null; destroyMethodName=(inferred); defined in class path resource [org/springframework/data/rest/webmvc/config/RepositoryRestMvcConfiguration.class]]
2017-09-29 14:57:33.737  INFO Overriding bean definition for bean 'httpRequestHandlerAdapter' with a different definition: replacing [Root bean: class [null]; scope=; abstract=false; lazyInit=false; autowireMode=3; dependencyCheck=0; autowireCandidate=true; primary=false; factoryBeanName=org.springframework.web.servlet.config.annotation.DelegatingWebMvcConfiguration; factoryMethodName=httpRequestHandlerAdapter; initMethodName=null; destroyMethodName=(inferred); defined in class path resource [org/springframework/web/servlet/config/annotation/DelegatingWebMvcConfiguration.class]] with [Root bean: class [null]; scope=; abstract=false; lazyInit=false; autowireMode=3; dependencyCheck=0; autowireCandidate=true; primary=false; factoryBeanName=org.springframework.data.rest.webmvc.config.RepositoryRestMvcConfiguration; factoryMethodName=httpRequestHandlerAdapter; initMethodName=null; destroyMethodName=(inferred); defined in class path resource [org/springframework/data/rest/webmvc/config/RepositoryRestMvcConfiguration.class]]
2017-09-29 14:57:33.907  INFO Bean 'org.springframework.transaction.annotation.ProxyTransactionManagementConfiguration' of type [org.springframework.transaction.annotation.ProxyTransactionManagementConfiguration$$EnhancerBySpringCGLIB$$b4bde4b4] is not eligible for getting processed by all BeanPostProcessors (for example: not eligible for auto-proxying)
2017-09-29 14:57:34.123  INFO Tomcat initialized with port(s): 80 (http)
2017-09-29 14:57:34.124  INFO Starting service [Tomcat]
2017-09-29 14:57:34.125  INFO Starting Servlet Engine: Apache Tomcat/8.5.15
2017-09-29 14:57:34.155  INFO Initializing Spring embedded WebApplicationContext
2017-09-29 14:57:34.156  INFO Root WebApplicationContext: initialization completed in 1520 ms
2017-09-29 14:57:34.661  WARN Not loading a JDBC driver as driverClassName property is null.
2017-09-29 14:57:34.696  WARN Not loading a JDBC driver as driverClassName property is null.
2017-09-29 14:57:34.710  WARN Not loading a JDBC driver as driverClassName property is null.
2017-09-29 14:57:34.721  WARN Not loading a JDBC driver as driverClassName property is null.
2017-09-29 14:57:34.728  WARN Not loading a JDBC driver as driverClassName property is null.
2017-09-29 14:57:34.738  WARN Not loading a JDBC driver as driverClassName property is null.
2017-09-29 14:57:34.744  WARN Not loading a JDBC driver as driverClassName property is null.
2017-09-29 14:57:34.750  WARN Not loading a JDBC driver as driverClassName property is null.
2017-09-29 14:57:34.758  WARN Not loading a JDBC driver as driverClassName property is null.
2017-09-29 14:57:34.768  WARN Not loading a JDBC driver as driverClassName property is null.
2017-09-29 14:57:34.813  INFO Building JPA container EntityManagerFactory for persistence unit 'default'
2017-09-29 14:57:35.188 ERROR HHH000389: Unsuccessful: alter table empresa drop foreign key FKddqssop9sbkm3y1yi3by5t8fv
2017-09-29 14:57:35.188 ERROR Table 'simple.empresa' doesn't exist
2017-09-29 14:57:35.189 ERROR HHH000389: Unsuccessful: alter table permissao drop foreign key FKsjai9px19fjevqkbjr0m546b1
2017-09-29 14:57:35.189 ERROR Table 'simple.permissao' doesn't exist
2017-09-29 14:57:35.191 ERROR HHH000389: Unsuccessful: alter table permissao_usuario drop foreign key FK9s3k7wim61hbdp1kyhjnfvgo4
2017-09-29 14:57:35.191 ERROR Table 'simple.permissao_usuario' doesn't exist
2017-09-29 14:57:35.192 ERROR HHH000389: Unsuccessful: alter table permissao_usuario drop foreign key FK579ujbuuw25dunf78ghwexhd9
2017-09-29 14:57:35.192 ERROR Table 'simple.permissao_usuario' doesn't exist
2017-09-29 14:57:35.193 ERROR HHH000389: Unsuccessful: alter table usuario drop foreign key FK87ckfs30l64gnivnfk7ywp8l6
2017-09-29 14:57:35.193 ERROR Table 'simple.usuario' doesn't exist
2017-09-29 14:57:41.215  INFO Initialized JPA EntityManagerFactory for persistence unit 'default'
2017-09-29 14:57:41.602  INFO Mapping filter: 'characterEncodingFilter' to: [/*]
2017-09-29 14:57:41.602  INFO Mapping filter: 'debugFilter' to urls: [/*]
2017-09-29 14:57:41.602  INFO Mapping filter: 'tokenFilter' to urls: [/restrict/*]
2017-09-29 14:57:41.603  INFO Mapping filter: 'resourceUrlEncodingFilter' to: [/*]
2017-09-29 14:57:41.603  INFO Mapping servlet: 'dispatcherServlet' to [/]
2017-09-29 14:57:42.026  INFO Mapped "{[/auth],methods=[POST],consumes=[application/json;charset=UTF-8],produces=[application/json;charset=UTF-8]}" onto public org.springframework.http.ResponseEntity<com.api.dto.TokenDTO> com.api.rest.auth.AuthRestController.autenticar(com.api.dto.UsuarioLoginDTO) throws com.api.service.ServiceException
2017-09-29 14:57:42.026  INFO Mapped "{[/restrict/usuario],methods=[GET],produces=[application/json;charset=UTF-8]}" onto public org.springframework.http.ResponseEntity<com.api.dto.UsuarioDTO> com.api.rest.auth.AuthRestController.autenticar(javax.servlet.http.HttpServletRequest) throws com.api.service.ServiceException
2017-09-29 14:57:42.027  INFO Mapped "{[/teste/modulo],methods=[GET],produces=[application/json;charset=UTF-8]}" onto public org.springframework.http.ResponseEntity<java.util.List<com.api.entity.Modulo>> com.api.rest.auth.ModuloRestController.buscarTodosModulos() throws com.api.service.ServiceException
2017-09-29 14:57:42.027  INFO Mapped "{[/teste/moduloDTO],methods=[GET],produces=[application/json;charset=UTF-8]}" onto public org.springframework.http.ResponseEntity<java.util.List<com.api.dto.ModuloDTO>> com.api.rest.auth.ModuloRestController.buscarModulosDTO(javax.servlet.http.HttpServletRequest) throws com.api.service.ServiceException
2017-09-29 14:57:42.029  INFO Mapped "{[/teste/permissoes],methods=[GET],produces=[application/json;charset=UTF-8]}" onto public org.springframework.http.ResponseEntity<java.util.List<com.api.entity.Permissao>> com.api.rest.auth.PermissoesRestController.buscarTodosModulos() throws com.api.service.ServiceException
2017-09-29 14:57:42.031  INFO Mapped "{[/teste/permissoesDTO],methods=[GET],produces=[application/json;charset=UTF-8]}" onto public org.springframework.http.ResponseEntity<java.util.List<com.api.dto.PermissaoDTO>> com.api.rest.auth.PermissoesRestController.buscarModulosDTO(javax.servlet.http.HttpServletRequest) throws com.api.service.ServiceException
2017-09-29 14:57:42.032  INFO Mapped "{[/teste/empresaDTO],methods=[GET],produces=[application/json;charset=UTF-8]}" onto public org.springframework.http.ResponseEntity<java.util.List<com.api.dto.EmpresaDTO>> com.api.rest.cadastros.EmpresaRestController.listarDTO() throws com.api.service.ServiceException
2017-09-29 14:57:42.033  INFO Mapped "{[/teste/empresa],methods=[GET],produces=[application/json;charset=UTF-8]}" onto public org.springframework.http.ResponseEntity<java.util.List<com.api.entity.Empresa>> com.api.rest.cadastros.EmpresaRestController.listar() throws com.api.service.ServiceException
2017-09-29 14:57:42.035  INFO Mapped "{[/teste/usuario/{id}],methods=[GET],consumes=[application/json;charset=UTF-8],produces=[application/json;charset=UTF-8]}" onto public org.springframework.http.ResponseEntity<com.api.dto.UsuarioDTO> com.api.rest.cadastros.UsuarioRestController.buscarPorId(java.lang.Integer,javax.servlet.http.HttpServletRequest) throws com.api.service.ServiceException
2017-09-29 14:57:42.035  INFO Mapped "{[/teste/usuario],methods=[POST],consumes=[application/json;charset=UTF-8],produces=[application/json;charset=UTF-8]}" onto public org.springframework.http.ResponseEntity<com.api.dto.RespostaDTO> com.api.rest.cadastros.UsuarioRestController.salvar(com.api.dto.UsuarioDTO) throws com.api.service.ServiceException
2017-09-29 14:57:42.036  INFO Mapped "{[/restrict/usuario],methods=[POST],consumes=[application/json;charset=UTF-8],produces=[application/json;charset=UTF-8]}" onto public org.springframework.http.ResponseEntity<com.api.dto.RespostaDTO> com.api.rest.cadastros.UsuarioRestController.salvar(com.api.dto.UsuarioDTO,javax.servlet.http.HttpServletRequest) throws com.api.service.ServiceException
2017-09-29 14:57:42.036  INFO Mapped "{[/teste/usuario],methods=[GET],produces=[application/json;charset=UTF-8]}" onto public org.springframework.http.ResponseEntity<java.util.List<com.api.dto.UsuarioDTO>> com.api.rest.cadastros.UsuarioRestController.listar() throws com.api.service.ServiceException
2017-09-29 14:57:42.037  INFO Mapped "{[/restrict/usuarios/paginacao],methods=[POST],consumes=[application/json;charset=UTF-8],produces=[application/json;charset=UTF-8]}" onto public org.springframework.http.ResponseEntity<com.api.dto.datatable.PaginacaoDataTableRetornoTransfer> com.api.rest.cadastros.UsuarioRestController.listar(com.api.dto.datatable.PaginacaoDataTableTransfer,javax.servlet.http.HttpServletRequest) throws com.api.service.ServiceException
2017-09-29 14:57:42.037  INFO Mapped "{[/restrict/usuario],methods=[PUT],consumes=[application/json;charset=UTF-8],produces=[application/json;charset=UTF-8]}" onto public org.springframework.http.ResponseEntity<com.api.dto.RespostaDTO> com.api.rest.cadastros.UsuarioRestController.atualizar(com.api.dto.UsuarioDTO,javax.servlet.http.HttpServletRequest) throws com.api.service.ServiceException
2017-09-29 14:57:42.038  INFO Mapped "{[/restrict/usuario/{id}],methods=[DELETE],consumes=[application/json;charset=UTF-8],produces=[application/json;charset=UTF-8]}" onto public org.springframework.http.ResponseEntity<com.api.dto.RespostaDTO> com.api.rest.cadastros.UsuarioRestController.excluir(java.lang.Integer,javax.servlet.http.HttpServletRequest) throws com.api.service.ServiceException
2017-09-29 14:57:42.039  INFO Mapped "{[/home]}" onto public java.lang.String com.api.rest.HomeController.irParaHome()
2017-09-29 14:57:42.041  INFO Mapped "{[/error]}" onto public org.springframework.http.ResponseEntity<java.util.Map<java.lang.String, java.lang.Object>> org.springframework.boot.autoconfigure.web.BasicErrorController.error(javax.servlet.http.HttpServletRequest)
2017-09-29 14:57:42.042  INFO Mapped "{[/error],produces=[text/html]}" onto public org.springframework.web.servlet.ModelAndView org.springframework.boot.autoconfigure.web.BasicErrorController.errorHtml(javax.servlet.http.HttpServletRequest,javax.servlet.http.HttpServletResponse)
2017-09-29 14:57:42.096  INFO Looking for @ControllerAdvice: org.springframework.boot.context.embedded.AnnotationConfigEmbeddedWebApplicationContext@30d5cc0: startup date [Fri Sep 29 14:57:32 BRT 2017]; root of context hierarchy
2017-09-29 14:57:42.129  INFO Detected @ExceptionHandler methods in controllerException
2017-09-29 14:57:42.129  INFO Detected @ExceptionHandler methods in repositoryRestExceptionHandler
2017-09-29 14:57:42.358  INFO Looking for @ControllerAdvice: org.springframework.boot.context.embedded.AnnotationConfigEmbeddedWebApplicationContext@30d5cc0: startup date [Fri Sep 29 14:57:32 BRT 2017]; root of context hierarchy
2017-09-29 14:57:42.368  INFO Mapped "{[/ || ],methods=[GET],produces=[application/hal+json || application/json]}" onto public org.springframework.http.HttpEntity<org.springframework.data.rest.webmvc.RepositoryLinksResource> org.springframework.data.rest.webmvc.RepositoryController.listRepositories()
2017-09-29 14:57:42.370  INFO Mapped "{[/ || ],methods=[HEAD],produces=[application/hal+json || application/json]}" onto public org.springframework.http.ResponseEntity<?> org.springframework.data.rest.webmvc.RepositoryController.headForRepositories()
2017-09-29 14:57:42.370  INFO Mapped "{[/ || ],methods=[OPTIONS],produces=[application/hal+json || application/json]}" onto public org.springframework.http.HttpEntity<?> org.springframework.data.rest.webmvc.RepositoryController.optionsForRepositories()
2017-09-29 14:57:42.373  INFO Mapped "{[/{repository}/{id}/{property}],methods=[GET],produces=[application/hal+json || application/json]}" onto public org.springframework.http.ResponseEntity<org.springframework.hateoas.ResourceSupport> org.springframework.data.rest.webmvc.RepositoryPropertyReferenceController.followPropertyReference(org.springframework.data.rest.webmvc.RootResourceInformation,java.io.Serializable,java.lang.String,org.springframework.data.rest.webmvc.PersistentEntityResourceAssembler) throws java.lang.Exception
2017-09-29 14:57:42.373  INFO Mapped "{[/{repository}/{id}/{property}/{propertyId}],methods=[GET],produces=[application/hal+json || application/json]}" onto public org.springframework.http.ResponseEntity<org.springframework.hateoas.ResourceSupport> org.springframework.data.rest.webmvc.RepositoryPropertyReferenceController.followPropertyReference(org.springframework.data.rest.webmvc.RootResourceInformation,java.io.Serializable,java.lang.String,java.lang.String,org.springframework.data.rest.webmvc.PersistentEntityResourceAssembler) throws java.lang.Exception
2017-09-29 14:57:42.373  INFO Mapped "{[/{repository}/{id}/{property}],methods=[GET],produces=[application/x-spring-data-compact+json || text/uri-list]}" onto public org.springframework.http.ResponseEntity<org.springframework.hateoas.ResourceSupport> org.springframework.data.rest.webmvc.RepositoryPropertyReferenceController.followPropertyReferenceCompact(org.springframework.data.rest.webmvc.RootResourceInformation,java.io.Serializable,java.lang.String,org.springframework.data.rest.webmvc.PersistentEntityResourceAssembler) throws java.lang.Exception
2017-09-29 14:57:42.376  INFO Mapped "{[/{repository}/{id}/{property}],methods=[PATCH || PUT || POST],consumes=[application/json || application/x-spring-data-compact+json || text/uri-list],produces=[application/hal+json || application/json]}" onto public org.springframework.http.ResponseEntity<? extends org.springframework.hateoas.ResourceSupport> org.springframework.data.rest.webmvc.RepositoryPropertyReferenceController.createPropertyReference(org.springframework.data.rest.webmvc.RootResourceInformation,org.springframework.http.HttpMethod,org.springframework.hateoas.Resources<java.lang.Object>,java.io.Serializable,java.lang.String) throws java.lang.Exception
2017-09-29 14:57:42.377  INFO Mapped "{[/{repository}/{id}/{property}],methods=[DELETE],produces=[application/hal+json || application/json]}" onto public org.springframework.http.ResponseEntity<? extends org.springframework.hateoas.ResourceSupport> org.springframework.data.rest.webmvc.RepositoryPropertyReferenceController.deletePropertyReference(org.springframework.data.rest.webmvc.RootResourceInformation,java.io.Serializable,java.lang.String) throws java.lang.Exception
2017-09-29 14:57:42.378  INFO Mapped "{[/{repository}/{id}/{property}/{propertyId}],methods=[DELETE],produces=[application/hal+json || application/json]}" onto public org.springframework.http.ResponseEntity<org.springframework.hateoas.ResourceSupport> org.springframework.data.rest.webmvc.RepositoryPropertyReferenceController.deletePropertyReferenceId(org.springframework.data.rest.webmvc.RootResourceInformation,java.io.Serializable,java.lang.String,java.lang.String) throws java.lang.Exception
2017-09-29 14:57:42.384  INFO Mapped "{[/{repository}/search/{search}],methods=[GET],produces=[application/hal+json || application/json]}" onto public org.springframework.http.ResponseEntity<?> org.springframework.data.rest.webmvc.RepositorySearchController.executeSearch(org.springframework.data.rest.webmvc.RootResourceInformation,org.springframework.util.MultiValueMap<java.lang.String, java.lang.Object>,java.lang.String,org.springframework.data.rest.webmvc.support.DefaultedPageable,org.springframework.data.domain.Sort,org.springframework.data.rest.webmvc.PersistentEntityResourceAssembler,org.springframework.http.HttpHeaders)
2017-09-29 14:57:42.385  INFO Mapped "{[/{repository}/search/{search}],methods=[HEAD],produces=[application/hal+json || application/json]}" onto public org.springframework.http.ResponseEntity<java.lang.Object> org.springframework.data.rest.webmvc.RepositorySearchController.headForSearch(org.springframework.data.rest.webmvc.RootResourceInformation,java.lang.String)
2017-09-29 14:57:42.385  INFO Mapped "{[/{repository}/search],methods=[GET],produces=[application/hal+json || application/json]}" onto public org.springframework.data.rest.webmvc.RepositorySearchesResource org.springframework.data.rest.webmvc.RepositorySearchController.listSearches(org.springframework.data.rest.webmvc.RootResourceInformation)
2017-09-29 14:57:42.385  INFO Mapped "{[/{repository}/search],methods=[HEAD],produces=[application/hal+json || application/json]}" onto public org.springframework.http.HttpEntity<?> org.springframework.data.rest.webmvc.RepositorySearchController.headForSearches(org.springframework.data.rest.webmvc.RootResourceInformation)
2017-09-29 14:57:42.386  INFO Mapped "{[/{repository}/search/{search}],methods=[OPTIONS],produces=[application/hal+json || application/json]}" onto public org.springframework.http.ResponseEntity<java.lang.Object> org.springframework.data.rest.webmvc.RepositorySearchController.optionsForSearch(org.springframework.data.rest.webmvc.RootResourceInformation,java.lang.String)
2017-09-29 14:57:42.386  INFO Mapped "{[/{repository}/search/{search}],methods=[GET],produces=[application/x-spring-data-compact+json]}" onto public org.springframework.hateoas.ResourceSupport org.springframework.data.rest.webmvc.RepositorySearchController.executeSearchCompact(org.springframework.data.rest.webmvc.RootResourceInformation,org.springframework.http.HttpHeaders,org.springframework.util.MultiValueMap<java.lang.String, java.lang.Object>,java.lang.String,java.lang.String,org.springframework.data.rest.webmvc.support.DefaultedPageable,org.springframework.data.domain.Sort,org.springframework.data.rest.webmvc.PersistentEntityResourceAssembler)
2017-09-29 14:57:42.388  INFO Mapped "{[/{repository}/search],methods=[OPTIONS],produces=[application/hal+json || application/json]}" onto public org.springframework.http.HttpEntity<?> org.springframework.data.rest.webmvc.RepositorySearchController.optionsForSearches(org.springframework.data.rest.webmvc.RootResourceInformation)
2017-09-29 14:57:42.390  INFO Mapped "{[/{repository}/{id}],methods=[PUT],produces=[application/hal+json || application/json]}" onto public org.springframework.http.ResponseEntity<? extends org.springframework.hateoas.ResourceSupport> org.springframework.data.rest.webmvc.RepositoryEntityController.putItemResource(org.springframework.data.rest.webmvc.RootResourceInformation,org.springframework.data.rest.webmvc.PersistentEntityResource,java.io.Serializable,org.springframework.data.rest.webmvc.PersistentEntityResourceAssembler,org.springframework.data.rest.webmvc.support.ETag,java.lang.String) throws org.springframework.web.HttpRequestMethodNotSupportedException
2017-09-29 14:57:42.390  INFO Mapped "{[/{repository}/{id}],methods=[GET],produces=[application/hal+json || application/json]}" onto public org.springframework.http.ResponseEntity<org.springframework.hateoas.Resource<?>> org.springframework.data.rest.webmvc.RepositoryEntityController.getItemResource(org.springframework.data.rest.webmvc.RootResourceInformation,java.io.Serializable,org.springframework.data.rest.webmvc.PersistentEntityResourceAssembler,org.springframework.http.HttpHeaders) throws org.springframework.web.HttpRequestMethodNotSupportedException
2017-09-29 14:57:42.390  INFO Mapped "{[/{repository}],methods=[HEAD],produces=[application/hal+json || application/json]}" onto public org.springframework.http.ResponseEntity<?> org.springframework.data.rest.webmvc.RepositoryEntityController.headCollectionResource(org.springframework.data.rest.webmvc.RootResourceInformation,org.springframework.data.rest.webmvc.support.DefaultedPageable) throws org.springframework.web.HttpRequestMethodNotSupportedException
2017-09-29 14:57:42.391  INFO Mapped "{[/{repository}],methods=[GET],produces=[application/x-spring-data-compact+json || text/uri-list]}" onto public org.springframework.hateoas.Resources<?> org.springframework.data.rest.webmvc.RepositoryEntityController.getCollectionResourceCompact(org.springframework.data.rest.webmvc.RootResourceInformation,org.springframework.data.rest.webmvc.support.DefaultedPageable,org.springframework.data.domain.Sort,org.springframework.data.rest.webmvc.PersistentEntityResourceAssembler) throws org.springframework.data.rest.webmvc.ResourceNotFoundException,org.springframework.web.HttpRequestMethodNotSupportedException
2017-09-29 14:57:42.391  INFO Mapped "{[/{repository}/{id}],methods=[HEAD],produces=[application/hal+json || application/json]}" onto public org.springframework.http.ResponseEntity<?> org.springframework.data.rest.webmvc.RepositoryEntityController.headForItemResource(org.springframework.data.rest.webmvc.RootResourceInformation,java.io.Serializable,org.springframework.data.rest.webmvc.PersistentEntityResourceAssembler) throws org.springframework.web.HttpRequestMethodNotSupportedException
2017-09-29 14:57:42.391  INFO Mapped "{[/{repository}/{id}],methods=[DELETE],produces=[application/hal+json || application/json]}" onto public org.springframework.http.ResponseEntity<?> org.springframework.data.rest.webmvc.RepositoryEntityController.deleteItemResource(org.springframework.data.rest.webmvc.RootResourceInformation,java.io.Serializable,org.springframework.data.rest.webmvc.support.ETag) throws org.springframework.data.rest.webmvc.ResourceNotFoundException,org.springframework.web.HttpRequestMethodNotSupportedException
2017-09-29 14:57:42.401  INFO Mapped "{[/{repository}],methods=[GET],produces=[application/hal+json || application/json]}" onto public org.springframework.hateoas.Resources<?> org.springframework.data.rest.webmvc.RepositoryEntityController.getCollectionResource(org.springframework.data.rest.webmvc.RootResourceInformation,org.springframework.data.rest.webmvc.support.DefaultedPageable,org.springframework.data.domain.Sort,org.springframework.data.rest.webmvc.PersistentEntityResourceAssembler) throws org.springframework.data.rest.webmvc.ResourceNotFoundException,org.springframework.web.HttpRequestMethodNotSupportedException
2017-09-29 14:57:42.401  INFO Mapped "{[/{repository}],methods=[OPTIONS],produces=[application/hal+json || application/json]}" onto public org.springframework.http.ResponseEntity<?> org.springframework.data.rest.webmvc.RepositoryEntityController.optionsForCollectionResource(org.springframework.data.rest.webmvc.RootResourceInformation)
2017-09-29 14:57:42.402  INFO Mapped "{[/{repository}/{id}],methods=[OPTIONS],produces=[application/hal+json || application/json]}" onto public org.springframework.http.ResponseEntity<?> org.springframework.data.rest.webmvc.RepositoryEntityController.optionsForItemResource(org.springframework.data.rest.webmvc.RootResourceInformation)
2017-09-29 14:57:42.402  INFO Mapped "{[/{repository}/{id}],methods=[PATCH],produces=[application/hal+json || application/json]}" onto public org.springframework.http.ResponseEntity<org.springframework.hateoas.ResourceSupport> org.springframework.data.rest.webmvc.RepositoryEntityController.patchItemResource(org.springframework.data.rest.webmvc.RootResourceInformation,org.springframework.data.rest.webmvc.PersistentEntityResource,java.io.Serializable,org.springframework.data.rest.webmvc.PersistentEntityResourceAssembler,org.springframework.data.rest.webmvc.support.ETag,java.lang.String) throws org.springframework.web.HttpRequestMethodNotSupportedException,org.springframework.data.rest.webmvc.ResourceNotFoundException
2017-09-29 14:57:42.402  INFO Mapped "{[/{repository}],methods=[POST],produces=[application/hal+json || application/json]}" onto public org.springframework.http.ResponseEntity<org.springframework.hateoas.ResourceSupport> org.springframework.data.rest.webmvc.RepositoryEntityController.postCollectionResource(org.springframework.data.rest.webmvc.RootResourceInformation,org.springframework.data.rest.webmvc.PersistentEntityResource,org.springframework.data.rest.webmvc.PersistentEntityResourceAssembler,java.lang.String) throws org.springframework.web.HttpRequestMethodNotSupportedException
2017-09-29 14:57:42.407  INFO Mapped "{[/profile],methods=[OPTIONS]}" onto public org.springframework.http.HttpEntity<?> org.springframework.data.rest.webmvc.ProfileController.profileOptions()
2017-09-29 14:57:42.408  INFO Mapped "{[/profile],methods=[GET]}" onto org.springframework.http.HttpEntity<org.springframework.hateoas.ResourceSupport> org.springframework.data.rest.webmvc.ProfileController.listAllFormsOfMetadata()
2017-09-29 14:57:42.409  INFO Mapped "{[/profile/{repository}],methods=[GET],produces=[application/alps+json || */*]}" onto org.springframework.http.HttpEntity<org.springframework.data.rest.webmvc.RootResourceInformation> org.springframework.data.rest.webmvc.alps.AlpsController.descriptor(org.springframework.data.rest.webmvc.RootResourceInformation)
2017-09-29 14:57:42.409  INFO Mapped "{[/profile/{repository}],methods=[OPTIONS],produces=[application/alps+json]}" onto org.springframework.http.HttpEntity<?> org.springframework.data.rest.webmvc.alps.AlpsController.alpsOptions()
2017-09-29 14:57:42.411  INFO Mapped "{[/profile/{repository}],methods=[GET],produces=[application/schema+json]}" onto public org.springframework.http.HttpEntity<org.springframework.data.rest.webmvc.json.JsonSchema> org.springframework.data.rest.webmvc.RepositorySchemaController.schema(org.springframework.data.rest.webmvc.RootResourceInformation)
2017-09-29 14:57:42.491  WARN Cannot find template location: classpath:/templates/ (please add some templates or check your Thymeleaf configuration)
2017-09-29 14:57:42.780  INFO LiveReload server is running on port 35729
2017-09-29 14:57:43.013  INFO Registering beans for JMX exposure on startup
2017-09-29 14:57:43.126  INFO Tomcat started on port(s): 80 (http)
2017-09-29 14:57:43.132  INFO Started SimpleApiApplication in 10.565 seconds (JVM running for 284.945)
2017-09-29 14:58:16.642  INFO Initializing Spring FrameworkServlet 'dispatcherServlet'
2017-09-29 14:58:16.643  INFO FrameworkServlet 'dispatcherServlet': initialization started
2017-09-29 14:58:16.654  INFO FrameworkServlet 'dispatcherServlet': initialization completed in 11 ms
2017-09-29 14:58:16.654  INFO ------------------------
2017-09-29 14:58:16.654  INFO Origem requisição IP : 0:0:0:0:0:0:0:1
2017-09-29 14:58:16.655  INFO Método  : GET
2017-09-29 14:58:16.655  INFO URL  : http://localhost/teste/permissoesDTO
2017-09-29 14:58:47.114  INFO ------------------------
2017-09-29 14:58:47.114  INFO Origem requisição IP : 0:0:0:0:0:0:0:1
2017-09-29 14:58:47.114  INFO Método  : GET
2017-09-29 14:58:47.114  INFO URL  : http://localhost/teste/permissoes
2017-09-29 14:58:54.341  INFO ------------------------
2017-09-29 14:58:54.341  INFO Origem requisição IP : 0:0:0:0:0:0:0:1
2017-09-29 14:58:54.341  INFO Método  : GET
2017-09-29 14:58:54.341  INFO URL  : http://localhost/teste/empresaDTO
2017-09-29 14:58:58.212  INFO ------------------------
2017-09-29 14:58:58.213  INFO Origem requisição IP : 0:0:0:0:0:0:0:1
2017-09-29 14:58:58.213  INFO Método  : GET
2017-09-29 14:58:58.213  INFO URL  : http://localhost/teste/empresa
2017-09-29 14:59:03.114  INFO ------------------------
2017-09-29 14:59:03.114  INFO Origem requisição IP : 0:0:0:0:0:0:0:1
2017-09-29 14:59:03.114  INFO Método  : GET
2017-09-29 14:59:03.114  INFO URL  : http://localhost/teste/usuario
2017-09-29 15:01:15.278  INFO ------------------------
2017-09-29 15:01:15.278  INFO Origem requisição IP : 0:0:0:0:0:0:0:1
2017-09-29 15:01:15.278  INFO Método  : GET
2017-09-29 15:01:15.278  INFO URL  : http://localhost/teste/usuario
